app/manifest-merger-release-report.txt
-- Merging decision tree log ---
manifest
ADDED from AndroidManifest.xml:2:1
	package
		ADDED from AndroidManifest.xml:3:5
	android:versionName
		INJECTED from AndroidManifest.xml:0:0
		INJECTED from AndroidManifest.xml:0:0
	xmlns:android
		ADDED from AndroidManifest.xml:2:11
	android:versionCode
		INJECTED from AndroidManifest.xml:0:0
		INJECTED from AndroidManifest.xml:0:0
	android:installLocation
		ADDED from AndroidManifest.xml:4:5
supports-screens
ADDED from AndroidManifest.xml:6:5
	android:largeScreens
		ADDED from AndroidManifest.xml:8:9
	android:smallScreens
		ADDED from AndroidManifest.xml:11:9
	android:normalScreens
		ADDED from AndroidManifest.xml:9:9
	android:xlargeScreens
		ADDED from AndroidManifest.xml:12:9
	android:resizeable
		ADDED from AndroidManifest.xml:10:9
	android:anyDensity
		ADDED from AndroidManifest.xml:7:9
uses-feature#android.hardware.location.gps
ADDED from AndroidManifest.xml:15:5
	android:required
		ADDED from AndroidManifest.xml:17:9
	android:name
		ADDED from AndroidManifest.xml:16:9
uses-feature#android.hardware.location.network
ADDED from AndroidManifest.xml:18:5
	android:required
		ADDED from AndroidManifest.xml:20:9
	android:name
		ADDED from AndroidManifest.xml:19:9
uses-feature#android.hardware.location
ADDED from AndroidManifest.xml:21:5
	android:required
		ADDED from AndroidManifest.xml:23:9
	android:name
		ADDED from AndroidManifest.xml:22:9
uses-feature#android.hardware.LOCATION
ADDED from AndroidManifest.xml:24:5
	android:required
		ADDED from AndroidManifest.xml:26:9
	android:name
		ADDED from AndroidManifest.xml:25:9
uses-permission#com.google.android.c2dm.permission.RECEIVE
ADDED from AndroidManifest.xml:28:5
	android:name
		ADDED from AndroidManifest.xml:28:22
uses-permission#com.yahala.messenger.permission.MAPS_RECEIVE
ADDED from AndroidManifest.xml:29:5
	android:name
		ADDED from AndroidManifest.xml:29:22
uses-permission#com.yahala.messenger.permission.C2D_MESSAGE
ADDED from AndroidManifest.xml:30:5
	android:name
		ADDED from AndroidManifest.xml:30:22
uses-permission#com.google.android.providers.gsf.permission.READ_GSERVICES
ADDED from AndroidManifest.xml:31:5
	android:name
		ADDED from AndroidManifest.xml:31:22
uses-permission#android.permission.ACCESS_COARSE_LOCATION
ADDED from AndroidManifest.xml:32:5
	android:name
		ADDED from AndroidManifest.xml:32:22
uses-permission#android.permission.ACCESS_FINE_LOCATION
ADDED from AndroidManifest.xml:33:5
	android:name
		ADDED from AndroidManifest.xml:33:22
permission#com.yahala.messenger.permission.MAPS_RECEIVE
ADDED from AndroidManifest.xml:35:5
	android:protectionLevel
		ADDED from AndroidManifest.xml:37:9
	android:name
		ADDED from AndroidManifest.xml:36:9
permission#com.yahala.messenger.permission.C2D_MESSAGE
ADDED from AndroidManifest.xml:38:5
	android:protectionLevel
		ADDED from AndroidManifest.xml:40:9
	android:name
		ADDED from AndroidManifest.xml:39:9
uses-feature#0x00020000
ADDED from AndroidManifest.xml:43:5
	android:glEsVersion
		ADDED from AndroidManifest.xml:44:9
	android:required
		ADDED from AndroidManifest.xml:45:9
uses-feature#android.hardware.telephony
ADDED from AndroidManifest.xml:46:5
	android:required
		ADDED from AndroidManifest.xml:48:9
	android:name
		ADDED from AndroidManifest.xml:47:9
uses-feature#android.hardware.camera.autofocus
ADDED from AndroidManifest.xml:49:5
	android:required
		ADDED from AndroidManifest.xml:51:9
	android:name
		ADDED from AndroidManifest.xml:50:9
uses-feature#android.hardware.camera
ADDED from AndroidManifest.xml:52:5
	android:required
		ADDED from AndroidManifest.xml:54:9
	android:name
		ADDED from AndroidManifest.xml:53:9
uses-feature#android.hardware.wifi
ADDED from AndroidManifest.xml:55:5
	android:required
		ADDED from AndroidManifest.xml:57:9
	android:name
		ADDED from AndroidManifest.xml:56:9
uses-feature#android.hardware.screen.PORTRAIT
ADDED from AndroidManifest.xml:58:5
	android:required
		ADDED from AndroidManifest.xml:60:9
	android:name
		ADDED from AndroidManifest.xml:59:9
uses-feature#android.hardware.microphone
ADDED from AndroidManifest.xml:61:5
	android:required
		ADDED from AndroidManifest.xml:63:9
	android:name
		ADDED from AndroidManifest.xml:62:9
uses-permission#com.android.alarm.permission.SET_ALARM
ADDED from AndroidManifest.xml:66:5
	android:name
		ADDED from AndroidManifest.xml:66:22
uses-permission#android.permission.WRITE_SETTINGS
ADDED from AndroidManifest.xml:68:5
	android:name
		ADDED from AndroidManifest.xml:68:22
uses-permission#android.permission.INTERNET
ADDED from AndroidManifest.xml:69:5
	android:name
		ADDED from AndroidManifest.xml:69:22
uses-permission#android.permission.RECORD_AUDIO
ADDED from AndroidManifest.xml:70:5
	android:name
		ADDED from AndroidManifest.xml:70:22
uses-permission#android.permission.ACCESS_NETWORK_STATE
ADDED from AndroidManifest.xml:71:5
	android:name
		ADDED from AndroidManifest.xml:71:22
uses-permission#android.permission.ACCESS_WIFI_STATE
ADDED from AndroidManifest.xml:72:5
	android:name
		ADDED from AndroidManifest.xml:72:22
uses-permission#android.permission.RECEIVE_SMS
ADDED from AndroidManifest.xml:73:5
	android:name
		ADDED from AndroidManifest.xml:73:22
uses-permission#android.permission.WAKE_LOCK
ADDED from AndroidManifest.xml:74:5
	android:name
		ADDED from AndroidManifest.xml:74:22
uses-permission#android.permission.WRITE_EXTERNAL_STORAGE
ADDED from AndroidManifest.xml:75:5
	android:name
		ADDED from AndroidManifest.xml:75:22
uses-permission#android.permission.READ_EXTERNAL_STORAGE
ADDED from AndroidManifest.xml:76:5
	android:name
		ADDED from AndroidManifest.xml:76:22
uses-permission#android.permission.CAMERA
ADDED from AndroidManifest.xml:77:5
	android:name
		ADDED from AndroidManifest.xml:77:22
uses-permission#android.permission.GET_ACCOUNTS
ADDED from AndroidManifest.xml:78:5
	android:name
		ADDED from AndroidManifest.xml:78:22
uses-permission#android.permission.READ_CONTACTS
ADDED from AndroidManifest.xml:79:5
	android:name
		ADDED from AndroidManifest.xml:79:22
uses-permission#android.permission.WRITE_CONTACTS
ADDED from AndroidManifest.xml:80:5
	android:name
		ADDED from AndroidManifest.xml:80:22
uses-permission#android.permission.MANAGE_ACCOUNTS
ADDED from AndroidManifest.xml:81:5
	android:name
		ADDED from AndroidManifest.xml:81:22
uses-permission#android.permission.READ_PROFILE
ADDED from AndroidManifest.xml:82:5
	android:name
		ADDED from AndroidManifest.xml:82:22
uses-permission#android.permission.WRITE_SYNC_SETTINGS
ADDED from AndroidManifest.xml:83:5
	android:name
		ADDED from AndroidManifest.xml:83:22
uses-permission#android.permission.READ_SYNC_SETTINGS
ADDED from AndroidManifest.xml:84:5
	android:name
		ADDED from AndroidManifest.xml:84:22
uses-permission#android.permission.AUTHENTICATE_ACCOUNTS
ADDED from AndroidManifest.xml:85:5
	android:name
		ADDED from AndroidManifest.xml:85:22
uses-permission#android.permission.VIBRATE
ADDED from AndroidManifest.xml:86:5
	android:name
		ADDED from AndroidManifest.xml:86:22
uses-permission#android.permission.SYSTEM_ALERT_WINDOW
ADDED from AndroidManifest.xml:87:5
	android:name
		ADDED from AndroidManifest.xml:87:22
uses-permission#android.permission.READ_PHONE_STATE
ADDED from AndroidManifest.xml:88:5
	android:name
		ADDED from AndroidManifest.xml:88:22
uses-permission#android.permission.RECEIVE_BOOT_COMPLETED
ADDED from AndroidManifest.xml:89:5
	android:name
		ADDED from AndroidManifest.xml:89:22
uses-permission#android.permission.BLUETOOTH
ADDED from AndroidManifest.xml:91:5
	android:name
		ADDED from AndroidManifest.xml:91:22
uses-permission#android.permission.BROADCAST_STICKY
ADDED from AndroidManifest.xml:92:5
	android:name
		ADDED from AndroidManifest.xml:92:22
application
ADDED from AndroidManifest.xml:94:5
MERGED from com.android.support:support-v4:21.0.3:16:5
MERGED from com.android.support:support-v4:21.0.3:16:5
MERGED from com.android.support:appcompat-v7:21.0.3:16:5
MERGED from com.android.support:support-v4:21.0.3:16:5
	android:label
		ADDED from AndroidManifest.xml:100:9
	android:hardwareAccelerated
		ADDED from AndroidManifest.xml:98:9
	android:allowBackup
		ADDED from AndroidManifest.xml:96:9
	android:icon
		ADDED from AndroidManifest.xml:99:9
	android:largeHeap
		ADDED from AndroidManifest.xml:101:9
	android:theme
		ADDED from AndroidManifest.xml:102:9
	android:name
		ADDED from AndroidManifest.xml:95:9
meta-data#com.google.android.maps.v2.API_KEY
ADDED from AndroidManifest.xml:104:9
	android:value
		ADDED from AndroidManifest.xml:106:13
	android:name
		ADDED from AndroidManifest.xml:105:13
meta-data#com.google.android.gms.version
ADDED from AndroidManifest.xml:109:9
	android:value
		ADDED from AndroidManifest.xml:111:13
	android:name
		ADDED from AndroidManifest.xml:110:13
activity#com.yahala.ui.LaunchActivity
ADDED from AndroidManifest.xml:115:9
	android:hardwareAccelerated
		ADDED from AndroidManifest.xml:118:13
	android:launchMode
		ADDED from AndroidManifest.xml:119:13
	android:windowSoftInputMode
		ADDED from AndroidManifest.xml:120:13
	android:configChanges
		ADDED from AndroidManifest.xml:117:13
	android:name
		ADDED from AndroidManifest.xml:116:13
intent-filter#android.intent.action.MAIN+android.intent.category.LAUNCHER
ADDED from AndroidManifest.xml:121:13
action#android.intent.action.MAIN
ADDED from AndroidManifest.xml:122:17
	android:name
		ADDED from AndroidManifest.xml:122:25
category#android.intent.category.LAUNCHER
ADDED from AndroidManifest.xml:123:17
	android:name
		ADDED from AndroidManifest.xml:123:27
intent-filter#android.intent.action.SEND+android.intent.category.DEFAULT
ADDED from AndroidManifest.xml:125:13
action#android.intent.action.SEND
ADDED from AndroidManifest.xml:126:17
	android:name
		ADDED from AndroidManifest.xml:126:25
category#android.intent.category.DEFAULT
ADDED from AndroidManifest.xml:127:17
	android:name
		ADDED from AndroidManifest.xml:127:27
data
ADDED from AndroidManifest.xml:128:17
	android:mimeType
		ADDED from AndroidManifest.xml:128:23
intent-filter#android.intent.action.SEND_MULTIPLE+android.intent.category.DEFAULT
ADDED from AndroidManifest.xml:135:13
action#android.intent.action.SEND_MULTIPLE
ADDED from AndroidManifest.xml:136:17
	android:name
		ADDED from AndroidManifest.xml:136:25
intent-filter#android.intent.action.VIEW+android.intent.category.DEFAULT
ADDED from AndroidManifest.xml:155:13
action#android.intent.action.VIEW
ADDED from AndroidManifest.xml:156:17
	android:name
		ADDED from AndroidManifest.xml:156:25
activity#com.yahala.ui.StickersActivity
ADDED from AndroidManifest.xml:161:9
	android:name
		ADDED from AndroidManifest.xml:161:19
intent-filter#info.guardianproject.emoji.STICKER_PACK
ADDED from AndroidManifest.xml:163:13
action#info.guardianproject.emoji.STICKER_PACK
ADDED from AndroidManifest.xml:164:17
	android:name
		ADDED from AndroidManifest.xml:164:25
activity#com.yahala.android.StickersActivity
ADDED from AndroidManifest.xml:168:9
	android:name
		ADDED from AndroidManifest.xml:168:19
intent-filter#com.yahala.os.emoji.STICKER_PACK
ADDED from AndroidManifest.xml:170:13
action#com.yahala.os.emoji.STICKER_PACK
ADDED from AndroidManifest.xml:171:17
	android:name
		ADDED from AndroidManifest.xml:171:25
activity#com.yahala.ui.UnlockActivity
ADDED from AndroidManifest.xml:175:9
	android:screenOrientation
		ADDED from AndroidManifest.xml:178:13
	android:windowSoftInputMode
		ADDED from AndroidManifest.xml:179:13
	android:configChanges
		ADDED from AndroidManifest.xml:177:13
	android:name
		ADDED from AndroidManifest.xml:176:13
activity#com.yahala.ui.LoginActivity
ADDED from AndroidManifest.xml:181:9
	android:screenOrientation
		ADDED from AndroidManifest.xml:184:13
	android:windowSoftInputMode
		ADDED from AndroidManifest.xml:185:13
	android:configChanges
		ADDED from AndroidManifest.xml:183:13
	android:name
		ADDED from AndroidManifest.xml:182:13
activity#com.yahala.ui.CountrySelectActivity
ADDED from AndroidManifest.xml:189:9
	android:screenOrientation
		ADDED from AndroidManifest.xml:192:13
	android:windowSoftInputMode
		ADDED from AndroidManifest.xml:194:13
	android:configChanges
		ADDED from AndroidManifest.xml:191:13
	android:theme
		ADDED from AndroidManifest.xml:193:13
	android:name
		ADDED from AndroidManifest.xml:190:13
activity#com.yahala.ui.IntroActivity
ADDED from AndroidManifest.xml:196:9
	android:screenOrientation
		ADDED from AndroidManifest.xml:199:13
	android:configChanges
		ADDED from AndroidManifest.xml:198:13
	android:name
		ADDED from AndroidManifest.xml:197:13
activity#com.yahala.android.trustStore.MemorizingActivity
ADDED from AndroidManifest.xml:200:9
	android:screenOrientation
		ADDED from AndroidManifest.xml:203:13
	android:configChanges
		ADDED from AndroidManifest.xml:202:13
	android:name
		ADDED from AndroidManifest.xml:201:13
activity#com.yahala.sip.tutorials.TutorialLauncherActivity
ADDED from AndroidManifest.xml:204:10
	android:name
		ADDED from AndroidManifest.xml:204:20
activity#com.yahala.sip.tutorials.TutorialRegistrationActivity
ADDED from AndroidManifest.xml:205:9
	android:name
		ADDED from AndroidManifest.xml:205:19
activity#com.yahala.sip.tutorials.TutorialBuddyStatusActivity
ADDED from AndroidManifest.xml:206:9
	android:name
		ADDED from AndroidManifest.xml:206:19
activity#com.yahala.sip.tutorials.TutorialChatRoomActivity
ADDED from AndroidManifest.xml:207:9
	android:name
		ADDED from AndroidManifest.xml:207:19
activity#com.yahala.sip.tutorials.TutorialHelloWorldActivity
ADDED from AndroidManifest.xml:208:9
	android:name
		ADDED from AndroidManifest.xml:208:19
receiver#com.yahala.android.SmsListener
ADDED from AndroidManifest.xml:209:9
	android:name
		ADDED from AndroidManifest.xml:209:19
intent-filter#android.provider.Telephony.SMS_RECEIVED
ADDED from AndroidManifest.xml:210:13
action#android.provider.Telephony.SMS_RECEIVED
ADDED from AndroidManifest.xml:211:17
	android:name
		ADDED from AndroidManifest.xml:211:25
receiver#com.yahala.android.Internet
ADDED from AndroidManifest.xml:214:9
	android:enabled
		ADDED from AndroidManifest.xml:216:13
	android:name
		ADDED from AndroidManifest.xml:215:13
intent-filter#android.net.conn.CONNECTIVITY_CHANGE
ADDED from AndroidManifest.xml:217:13
action#android.net.conn.CONNECTIVITY_CHANGE
ADDED from AndroidManifest.xml:218:17
	android:name
		ADDED from AndroidManifest.xml:218:25
receiver#com.yahala.messenger.AppStartReceiver
ADDED from AndroidManifest.xml:221:9
	android:enabled
		ADDED from AndroidManifest.xml:223:13
	android:name
		ADDED from AndroidManifest.xml:222:13
intent-filter#android.intent.action.BOOT_COMPLETED+com.yahala.start
ADDED from AndroidManifest.xml:224:13
action#com.yahala.start
ADDED from AndroidManifest.xml:225:17
	android:name
		ADDED from AndroidManifest.xml:225:25
action#android.intent.action.BOOT_COMPLETED
ADDED from AndroidManifest.xml:226:17
	android:name
		ADDED from AndroidManifest.xml:226:25
receiver#com.yahala.xmpp.receiver.AlarmReceiver
ADDED from AndroidManifest.xml:229:9
	android:name
		ADDED from AndroidManifest.xml:229:19
receiver#com.yahala.sip.KeepAliveHandler
ADDED from AndroidManifest.xml:230:9
	android:name
		ADDED from AndroidManifest.xml:230:19
service#com.yahala.xmpp.NotificationsService
ADDED from AndroidManifest.xml:232:9
	android:enabled
		ADDED from AndroidManifest.xml:234:13
	android:name
		ADDED from AndroidManifest.xml:233:13
uses-library#com.google.android.maps
ADDED from AndroidManifest.xml:236:9
	android:required
		ADDED from AndroidManifest.xml:238:13
	android:name
		ADDED from AndroidManifest.xml:237:13
uses-sdk
INJECTED from AndroidManifest.xml:0:0 reason: use-sdk injection requested
MERGED from com.android.support:support-v4:21.0.3:15:5
MERGED from com.google.android.gms:play-services:4.3.23:7:5
MERGED from com.android.support:support-v4:21.0.3:15:5
MERGED from com.android.support:appcompat-v7:21.0.3:15:5
MERGED from com.android.support:support-v4:21.0.3:15:5
	android:targetSdkVersion
		INJECTED from AndroidManifest.xml:0:0
		INJECTED from AndroidManifest.xml:0:0
	android:minSdkVersion
		INJECTED from AndroidManifest.xml:0:0
		INJECTED from AndroidManifest.xml:0:0